C51 COMPILER V9.60.0.0   COUNTER                                                           05/03/2020 15:04:24 PAGE 1   


C51 COMPILER V9.60.0.0, COMPILATION OF MODULE COUNTER
OBJECT MODULE PLACED IN .\Objects\Counter.obj
COMPILER INVOKED BY: C:\Keil_v5\C51\BIN\C51.EXE Counter.c OPTIMIZE(8,SPEED) BROWSE DEBUG OBJECTEXTEND PRINT(.\Listings\C
                    -ounter.lst) TABS(2) OBJECT(.\Objects\Counter.obj)

line level    source

   1          #include<reg51.h>
   2          sbit X = P3^5;
   3          void main(void)
   4          {
   5   1        X = 1;     //make T1 as input you can connect one sensor through this pin
   6   1        TMOD = 0x60;
   7   1        TH1 = 0;
   8   1        while(1) // give input to P3.4 1Hz
   9   1        {
  10   2          do
  11   2          {
  12   3            TR1 = 1; // start the timer 1 as counter. If any state change is occur it is incremented by 1
  13   3            P1 = TL1; // Register Timer 1 Lower byte content moves to PORT1
  14   3          }
  15   2          while(TF1 == 0);
  16   2          TR1 = 0;
  17   2          TF1 = 0;
  18   2        }
  19   1      }


MODULE INFORMATION:   STATIC OVERLAYABLE
   CODE SIZE        =     22    ----
   CONSTANT SIZE    =   ----    ----
   XDATA SIZE       =   ----    ----
   PDATA SIZE       =   ----    ----
   DATA SIZE        =   ----    ----
   IDATA SIZE       =   ----    ----
   BIT SIZE         =   ----    ----
END OF MODULE INFORMATION.


C51 COMPILATION COMPLETE.  0 WARNING(S),  0 ERROR(S)
